<?xml version="1.0" encoding="UTF-8"?>
<!-- Generated by org.testng.reporters.JUnitReportReporter -->
<testsuite skipped="0" hostname="DESKTOP-DEEUVU1" name="com.automation.tests.LoginTest" tests="1" failures="0" timestamp="03 Feb 2020 07:39:09 GMT" time="128.115" errors="0">
  <testcase name="loginandverify" time="128.115" classname="com.automation.tests.LoginTest"/>
</testsuite> <!-- com.automation.tests.LoginTest -->
